2025-10-14 17:26:43 IST - system_logger - INFO - === Multi-Tenant Email Automation System Starting ===
2025-10-14 17:26:43 IST - system_logger - INFO - Starting OAuth authentication server...
2025-10-14 17:26:45 IST - system_logger - INFO - Received signal 2, shutting down gracefully...
2025-10-14 17:26:45 IST - system_logger - INFO - Shutdown complete
2025-10-14 17:27:06 IST - system_logger - INFO - === Multi-Tenant Email Automation System Starting ===
2025-10-14 17:27:06 IST - system_logger - INFO - Starting OAuth authentication server...
2025-10-14 17:27:08 IST - system_logger - INFO - OAuth server running at: http://localhost:5000
2025-10-14 17:27:08 IST - system_logger - INFO - Users can visit the URL to authenticate and start email monitoring
2025-10-14 17:27:08 IST - system_logger - INFO - Starting monitoring for existing users...
2025-10-14 17:27:08 IST - system_logger - INFO - Starting multi-tenant email monitoring...
2025-10-14 17:27:08 IST - system_logger - INFO - Found 0 active users
2025-10-14 17:27:08 IST - system_logger - INFO - System is ready and running...
2025-10-14 17:28:08 IST - system_logger - INFO - Starting monitoring for newly activated user: yashpandya21@gnu.ac.in
2025-10-14 17:28:08 IST - system_logger - INFO - Created logger for user: yashpandya21@gnu.ac.in
2025-10-14 17:28:08 IST - system_logger - INFO - Started monitoring for user: yashpandya21@gnu.ac.in
2025-10-14 17:28:08 IST - system_logger - DEBUG - Monitoring Status: 1 active threads for 1 users
2025-10-14 17:29:08 IST - system_logger - DEBUG - Monitoring Status: 1 active threads for 1 users
2025-10-14 17:30:09 IST - system_logger - DEBUG - Monitoring Status: 1 active threads for 1 users
2025-10-14 17:31:09 IST - system_logger - DEBUG - Monitoring Status: 1 active threads for 1 users
2025-10-14 17:32:09 IST - system_logger - DEBUG - Monitoring Status: 1 active threads for 1 users
2025-10-14 17:33:09 IST - system_logger - DEBUG - Monitoring Status: 1 active threads for 1 users
2025-10-14 17:34:09 IST - system_logger - DEBUG - Monitoring Status: 1 active threads for 1 users
2025-10-14 17:34:53 IST - system_logger - INFO - Received signal 2, shutting down gracefully...
2025-10-14 17:34:53 IST - system_logger - INFO - Stopping all user monitoring...
2025-10-14 17:34:53 IST - system_logger - INFO - All user monitoring stopped
2025-10-14 17:34:53 IST - system_logger - INFO - Shutdown complete
2025-10-14 17:35:23 IST - system_logger - INFO - === Multi-Tenant Email Automation System Starting ===
2025-10-14 17:35:23 IST - system_logger - INFO - Starting OAuth authentication server...
2025-10-14 17:35:25 IST - system_logger - INFO - OAuth server running at: http://localhost:5000
2025-10-14 17:35:25 IST - system_logger - INFO - Users can visit the URL to authenticate and start email monitoring
2025-10-14 17:35:25 IST - system_logger - INFO - Starting monitoring for existing users...
2025-10-14 17:35:25 IST - system_logger - INFO - Starting multi-tenant email monitoring...
2025-10-14 17:35:25 IST - system_logger - INFO - Found 0 active users
2025-10-14 17:35:25 IST - system_logger - INFO - System is ready and running...
2025-10-14 17:36:25 IST - system_logger - INFO - Starting monitoring for newly activated user: yashpandya21@gnu.ac.in
2025-10-14 17:36:25 IST - system_logger - INFO - Created logger for user: yashpandya21@gnu.ac.in
2025-10-14 17:36:25 IST - system_logger - INFO - Started monitoring for user: yashpandya21@gnu.ac.in
2025-10-14 17:36:25 IST - system_logger - DEBUG - Monitoring Status: 1 active threads for 1 users
2025-10-14 17:37:26 IST - system_logger - DEBUG - Monitoring Status: 1 active threads for 1 users
2025-10-14 17:38:26 IST - system_logger - DEBUG - Monitoring Status: 1 active threads for 1 users
2025-10-14 17:39:26 IST - system_logger - DEBUG - Monitoring Status: 1 active threads for 1 users
2025-10-14 17:39:30 IST - system_logger - INFO - Received signal 2, shutting down gracefully...
2025-10-14 17:39:30 IST - system_logger - INFO - Stopping all user monitoring...
2025-10-14 17:39:30 IST - system_logger - INFO - All user monitoring stopped
2025-10-14 17:39:30 IST - system_logger - INFO - Shutdown complete
