2025-10-14 17:28:08 IST - user_yashpandya21_at_gnu_ac_in - INFO - Starting email monitor...
2025-10-14 17:28:08 IST - user_yashpandya21_at_gnu_ac_in - INFO - Email monitoring started
2025-10-14 17:28:08 IST - user_yashpandya21_at_gnu_ac_in - INFO - MongoDB connected
2025-10-14 17:28:11 IST - user_yashpandya21_at_gnu_ac_in - DEBUG - IMAP connected
2025-10-14 17:28:11 IST - user_yashpandya21_at_gnu_ac_in - DEBUG - IMAP connection ready
2025-10-14 17:28:11 IST - user_yashpandya21_at_gnu_ac_in - DEBUG - Checking for new emails...
2025-10-14 17:29:13 IST - user_yashpandya21_at_gnu_ac_in - DEBUG - IDLE responses: [(483, b'EXISTS')]
2025-10-14 17:29:13 IST - user_yashpandya21_at_gnu_ac_in - INFO - New email detected by IDLE
2025-10-14 17:29:13 IST - user_yashpandya21_at_gnu_ac_in - INFO - Processing 2 new emails: UIDs [1292, 1293]
2025-10-14 17:29:13 IST - user_yashpandya21_at_gnu_ac_in - DEBUG - Processing UID: 1292
2025-10-14 17:29:34 IST - user_yashpandya21_at_gnu_ac_in - INFO - ML Results: Intent=Acknowledgement, Sentiment=Positive
2025-10-14 17:29:40 IST - user_yashpandya21_at_gnu_ac_in - INFO - Processed UID 1292 (last=1292)
2025-10-14 17:29:40 IST - user_yashpandya21_at_gnu_ac_in - DEBUG - Processing UID: 1293
2025-10-14 17:29:59 IST - user_yashpandya21_at_gnu_ac_in - INFO - ML Results: Intent=Acknowledgement, Sentiment=Positive
2025-10-14 17:30:06 IST - user_yashpandya21_at_gnu_ac_in - INFO - Processed UID 1293 (last=1293)
2025-10-14 17:30:06 IST - user_yashpandya21_at_gnu_ac_in - DEBUG - Checking for new emails...
2025-10-14 17:34:53 IST - user_yashpandya21_at_gnu_ac_in - WARNING - IDLE operation failed: Server replied with a response that violates the IMAP protocol
2025-10-14 17:34:53 IST - user_yashpandya21_at_gnu_ac_in - INFO - Forcing reconnection due to IDLE failure...
2025-10-14 17:34:53 IST - user_yashpandya21_at_gnu_ac_in - ERROR - Failed to reconnect after IDLE failure. Retrying cycle.
2025-10-14 17:34:53 IST - user_yashpandya21_at_gnu_ac_in - INFO - Email monitor stopped
2025-10-14 17:34:53 IST - user_yashpandya21_at_gnu_ac_in - INFO - Email monitoring stopped
2025-10-14 17:36:25 IST - user_yashpandya21_at_gnu_ac_in - INFO - Starting email monitor...
2025-10-14 17:36:25 IST - user_yashpandya21_at_gnu_ac_in - INFO - Email monitoring started
2025-10-14 17:36:25 IST - user_yashpandya21_at_gnu_ac_in - INFO - MongoDB connected
2025-10-14 17:36:28 IST - user_yashpandya21_at_gnu_ac_in - DEBUG - IMAP connected
2025-10-14 17:36:28 IST - user_yashpandya21_at_gnu_ac_in - DEBUG - IMAP connection ready
2025-10-14 17:36:29 IST - user_yashpandya21_at_gnu_ac_in - DEBUG - Checking for new emails...
2025-10-14 17:37:30 IST - user_yashpandya21_at_gnu_ac_in - DEBUG - IDLE responses: [(484, b'EXISTS')]
2025-10-14 17:37:30 IST - user_yashpandya21_at_gnu_ac_in - INFO - New email detected by IDLE
2025-10-14 17:37:31 IST - user_yashpandya21_at_gnu_ac_in - INFO - Processing 1 new emails: UIDs [1294]
2025-10-14 17:37:31 IST - user_yashpandya21_at_gnu_ac_in - DEBUG - Processing UID: 1294
2025-10-14 17:37:55 IST - user_yashpandya21_at_gnu_ac_in - INFO - ML Results: Intent=Acknowledgement, Sentiment=Positive
2025-10-14 17:38:06 IST - user_yashpandya21_at_gnu_ac_in - INFO - Processed UID 1294 (last=1294)
2025-10-14 17:38:06 IST - user_yashpandya21_at_gnu_ac_in - DEBUG - Checking for new emails...
2025-10-14 17:39:30 IST - user_yashpandya21_at_gnu_ac_in - WARNING - IDLE operation failed: Server replied with a response that violates the IMAP protocol
2025-10-14 17:39:30 IST - user_yashpandya21_at_gnu_ac_in - INFO - Forcing reconnection due to IDLE failure...
2025-10-14 17:39:30 IST - user_yashpandya21_at_gnu_ac_in - ERROR - Failed to reconnect after IDLE failure. Retrying cycle.
2025-10-14 17:39:30 IST - user_yashpandya21_at_gnu_ac_in - INFO - Email monitor stopped
2025-10-14 17:39:30 IST - user_yashpandya21_at_gnu_ac_in - INFO - Email monitoring stopped
